<?xml version="1.0" encoding="UTF-8"?>
<!-- Generated by org.testng.reporters.JUnitXMLReporter -->
<testsuite hostname="LAPTOP-7OMQ8O0S" name="Automation" tests="3" failures="0" timestamp="10 Dec 2021 10:56:55 GMT" time="49.964" errors="0">
  <testcase name="automationTest1" time="2.593" classname="com.demo.test.AutomationTest1"/>
  <testcase name="automationTest2" time="8.099" classname="com.demo.test.AutomationTest2"/>
  <testcase name="automationTest3" time="26.944" classname="com.demo.test.AutomationTest3"/>
</testsuite> <!-- Automation -->
